Namespace(infile='ddfs/SNUPIC_A.DDF', outfile='output/P320.kicad_pcb', font='KiCad Font', textsilk=False)
8
padset ffffffff
Drill tolerance 2 0
Wave solder dir H 0 0
pnp [[2, 0], [1, 0]]
pnp [[2, 0], [1, 0]]
pnp [[2, 0], [1, 0]]
pnp [[2, 1], [1, 1]]
pnp [[3, 1], [1, 1]]
pnp [[3, 1], [1, 1]]
pnp [[3, 1], [1, 1]]
pnp [[3, 1], [1, 1]]
pnp [[3, 1], [1, 1]]
pnp [[3, 1], [1, 1]]
pnp [[3, 1], [1, 1]]
pnp [[3, 1], [1, 1]]
pnp [[2, 1], [1, 1]]
pnp [[3, 0], [1, 0]]
pnp [[3, 0], [1, 0]]
pnp [[5, 0], [157, 0]]
pnp [[23, 1], [1, 1]]
pnp [[17, 1], [1, 1]]
pnp [[2, 1], [1, 1]]
pnp [[5, 0], [1, 0]]
pnp [[5, 1], [1, 1]]
pnp [[4, 1], [1, 1]]
pnp [[4, 1], [1, 1]]
pnp [[4, 1], [1, 1]]
pnp [[4, 1], [1, 1]]
pnp [[4, 1], [1, 1]]
pnp [[4, 0], [1, 0]]
pnp [[4, 1], [1, 1]]
pnp [[253, 0], [1, 0]]
pnp [[253, 1], [1, 1]]
pnp [[24, 1], [1, 1]]
pnp [[24, 0], [1, 0]]
pnp [[5, 1], [157, 1]]
pnp [[2, 1], [1, 1]]
pnp [[2, 1], [1, 1]]
pnp [[2, 1], [1, 1]]
pnp [[2, 1], [1, 1]]
pnp [[2, 1], [1, 1]]
pnp [[2, 1], [1, 1]]
pnp [[2, 1], [1, 1]]
pnp [[2, 1], [1, 1]]
pnp [[2, 1], [1, 1]]
pnp [[2, 1], [1, 1]]
pnp [[2, 1], [1, 1]]
pnp [[32, 1], [1, 1]]
pnp [[31, 1], [1, 1]]
pnp [[94, 1], [1, 1]]
pnp [[93, 1], [1, 1]]
pnp [[95, 1], [1, 1]]
pnp [[30, 1], [1, 1]]
pnp [[242, 1], [1, 1]]
pnp [[75, 1], [1, 1]]
pnp [[42, 0], [1, 0], [1, 0], [2, 0], [3, 0], [2, 0], [1, 0], [3, 0], [1, 0]]
pnp [[3, 1], [41, 1], [250, 1], [251, 1], [249, 1], [3, 1], [76, 1], [79, 1], [35, 1], [37, 1], [1, 1], [1, 1], [264, 1], [16, 1], [114, 1], [7, 1], [8, 1], [9, 1], [10, 1], [3, 1], [1, 1], [11, 1], [13, 1], [14, 1], [12, 1], [15, 1], [1, 1], [146, 1], [149, 1], [1, 1], [103, 1], [105, 1], [115, 1], [109, 1], [1, 1], [111, 1], [107, 1], [119, 1], [393, 1], [1, 1]]
pnp [[3, 1], [298, 1], [145, 1], [150, 1], [142, 1], [3, 1], [147, 1], [141, 1], [396, 1], [140, 1], [1, 1], [1, 1], [264, 1], [16, 1], [114, 1], [7, 1], [8, 1], [9, 1], [10, 1], [3, 1], [1, 1], [11, 1], [13, 1], [14, 1], [12, 1], [15, 1], [1, 1], [144, 1], [151, 1], [1, 1], [139, 1], [308, 1], [306, 1], [137, 1], [1, 1], [138, 1], [312, 1], [395, 1], [394, 1], [1, 1]]
pnp [[3, 1], [36, 1], [92, 1], [247, 1], [248, 1], [3, 1], [78, 1], [77, 1], [39, 1], [40, 1], [1, 1], [1, 1], [264, 1], [16, 1], [114, 1], [7, 1], [8, 1], [9, 1], [10, 1], [3, 1], [1, 1], [11, 1], [13, 1], [14, 1], [12, 1], [15, 1], [1, 1], [263, 1], [148, 1], [1, 1], [129, 1], [135, 1], [127, 1], [133, 1], [1, 1], [125, 1], [123, 1], [131, 1], [121, 1], [1, 1]]
pnp [[3, 1], [126, 1], [132, 1], [124, 1], [130, 1], [3, 1], [128, 1], [136, 1], [397, 1], [122, 1], [1, 1], [1, 1], [264, 1], [16, 1], [114, 1], [7, 1], [8, 1], [9, 1], [10, 1], [3, 1], [1, 1], [11, 1], [13, 1], [14, 1], [12, 1], [15, 1], [1, 1], [143, 1], [112, 1], [1, 1], [118, 1], [113, 1], [110, 1], [116, 1], [1, 1], [108, 1], [106, 1], [104, 1], [120, 1], [1, 1]]
pnp [[4, 1], [298, 1], [184, 1], [188, 1], [138, 1], [137, 1], [306, 1], [308, 1], [139, 1], [312, 1], [395, 1], [394, 1], [253, 1], [17, 1], [1, 1], [1, 1], [23, 1], [1, 1], [80, 1], [82, 1], [98, 1], [99, 1], [100, 1], [1, 1], [1, 1], [1, 1], [1, 1], [1, 1], [1, 1], [1, 1], [1, 1], [1, 1], [1, 1], [1, 1], [1, 1], [1, 1], [1, 1], [1, 1], [1, 1], [1, 1], [1, 1], [1, 1], [245, 1], [1, 1], [1, 1], [239, 1], [200, 1], [175, 1], [174, 1], [101, 1], [246, 1], [1, 1], [102, 1], [60, 1], [159, 1], [61, 1], [62, 1], [63, 1], [64, 1], [65, 1], [66, 1], [67, 1], [68, 1], [4, 1], [89, 1], [1, 1], [1, 1], [69, 1], [70, 1], [71, 1], [160, 1], [73, 1], [161, 1], [162, 1], [163, 1], [164, 1], [1, 1], [165, 1], [166, 1], [167, 1], [168, 1], [169, 1], [4, 1], [170, 1], [171, 1], [1, 1], [172, 1], [173, 1], [243, 1], [244, 1], [72, 1], [74, 1], [1, 1], [83, 1], [24, 1], [199, 1], [1, 1], [46, 1], [5, 1], [94, 1], [93, 1], [95, 1], [157, 1], [1, 1], [44, 1], [45, 1], [158, 1], [1, 1], [1, 1], [1, 1], [1, 1], [1, 1], [1, 1], [5, 1], [1, 1], [1, 1], [1, 1], [1, 1], [1, 1], [19, 1], [4, 1], [59, 1], [4, 1], [1, 1], [1, 1], [1, 1], [122, 1], [397, 1], [124, 1], [132, 1], [126, 1], [136, 1], [128, 1], [130, 1], [185, 1], [1, 1], [113, 1], [110, 1], [116, 1], [108, 1], [118, 1], [106, 1], [120, 1], [104, 1], [186, 1], [4, 1], [121, 1], [131, 1], [123, 1], [1, 1], [129, 1], [125, 1], [133, 1], [127, 1], [135, 1], [187, 1], [40, 1], [39, 1], [77, 1], [78, 1], [248, 1], [247, 1], [92, 1], [36, 1], [1, 1], [181, 1], [25, 1], [179, 1], [180, 1], [37, 1], [35, 1], [79, 1], [76, 1], [249, 1], [251, 1], [250, 1], [41, 1], [4, 1], [182, 1], [198, 1], [1, 1], [197, 1], [196, 1], [195, 1], [194, 1], [193, 1], [192, 1], [191, 1], [190, 1], [189, 1], [111, 1], [103, 1], [107, 1], [105, 1], [1, 1], [115, 1], [109, 1], [119, 1], [393, 1], [183, 1], [140, 1], [396, 1], [141, 1], [147, 1], [142, 1], [150, 1], [145, 1], [1, 1]]
pnp [[1, 1], [1, 1], [1, 1], [236, 1], [219, 1], [235, 1], [218, 1], [234, 1], [217, 1], [233, 1], [216, 1], [232, 1], [215, 1], [231, 1], [214, 1], [6, 1], [213, 1], [229, 1], [1, 1], [2, 1], [1, 1], [212, 1], [228, 1], [211, 1], [227, 1], [210, 1], [226, 1], [209, 1], [225, 1], [208, 1], [224, 1], [207, 1], [223, 1], [206, 1], [222, 1], [205, 1], [221, 1], [1, 1], [1, 1], [412, 1], [1, 1], [411, 1], [2, 1], [252, 1], [2, 1], [237, 1], [204, 1], [202, 1], [153, 1], [1, 1], [1, 1], [201, 1], [246, 1], [156, 1], [155, 1], [154, 1], [1, 1], [96, 1], [410, 1], [2, 1], [1, 1], [1, 1], [1, 1], [1, 1], [1, 1], [400, 1], [2, 1], [1, 1], [2, 1], [1, 1], [100, 1], [99, 1], [98, 1], [82, 1], [1, 1], [245, 1], [1, 1], [28, 1], [2, 1], [27, 1], [74, 1], [72, 1], [1, 1], [244, 1], [243, 1], [173, 1], [172, 1], [171, 1], [170, 1], [169, 1], [168, 1], [167, 1], [166, 1], [1, 1], [1, 1], [165, 1], [164, 1], [163, 1], [162, 1], [2, 1], [1, 1], [161, 1], [73, 1], [160, 1], [71, 1], [1, 1], [1, 1], [70, 1], [69, 1], [68, 1], [67, 1], [66, 1], [65, 1], [64, 1], [63, 1], [62, 1], [61, 1], [1, 1], [159, 1], [60, 1], [29, 1], [2, 1], [1, 1], [89, 1], [101, 1], [174, 1], [175, 1], [200, 1], [239, 1], [102, 1], [1, 1], [1, 1], [1, 1], [91, 1], [54, 1], [2, 1], [2, 1], [1, 1], [1, 1], [2, 1], [401, 1], [402, 1], [1, 1], [1, 1], [403, 1], [404, 1], [405, 1], [406, 1], [407, 1], [408, 1], [48, 1], [85, 1], [86, 1], [84, 1], [50, 1], [399, 1], [2, 1], [1, 1], [2, 1], [220, 1]]
pnp [[58, 1], [1, 1], [399, 1], [1, 1], [1, 1], [1, 1], [1, 1], [246, 1], [1, 1], [398, 1], [203, 1], [1, 1], [50, 1], [2, 1]]
pnp [[2, 0], [160, 0], [97, 0], [163, 0], [168, 0], [169, 0], [170, 0], [171, 0], [172, 0], [173, 0], [243, 0], [244, 0], [401, 0], [402, 0], [403, 0], [1, 0], [404, 0], [405, 0], [406, 0], [407, 0], [408, 0], [410, 0], [165, 0], [400, 0], [164, 0], [166, 0], [167, 0], [162, 0], [161, 0], [2, 0], [96, 0], [2, 0]]
pnp [[26, 0], [29, 0], [28, 0], [27, 0], [1, 0], [1, 0], [2, 0], [2, 0]]
pnp [[31, 1], [93, 1]]
pnp [[32, 1], [95, 1]]
pnp [[30, 1], [94, 1]]
pnp [[1, 1]]
pnp [[1, 1]]
pnp [[1, 1]]
pnp [[1, 1], [250, 1]]
pnp [[1, 1], [251, 1]]
pnp [[1, 1], [249, 1]]
pnp [[1, 1], [76, 1]]
pnp [[1, 1], [79, 1]]
pnp [[1, 1], [35, 1]]
pnp [[1, 1], [37, 1]]
pnp [[1, 1], [36, 1]]
pnp [[1, 1], [92, 1]]
pnp [[1, 1], [247, 1]]
pnp [[1, 1], [248, 1]]
pnp [[1, 1], [78, 1]]
pnp [[1, 1], [77, 1]]
pnp [[1, 1], [39, 1]]
pnp [[1, 1], [40, 1]]
pnp [[1, 1], [41, 1]]
pnp [[42, 1], [1, 1]]
pnp [[3, 1], [42, 1]]
pnp [[42, 1], [1, 1]]
pnp [[4, 1], [44, 1]]
pnp [[178, 1], [83, 1]]
pnp [[1, 1], [178, 1]]
pnp [[2, 1], [4, 1]]
pnp [[2, 1], [4, 1]]
pnp [[2, 1], [5, 1]]
pnp [[4, 1], [253, 1]]
pnp [[4, 1], [24, 1]]
pnp [[264, 1], [25, 1]]
pnp [[16, 1], [179, 1]]
pnp [[415, 1], [180, 1]]
pnp [[148, 1], [181, 1]]
pnp [[149, 1], [182, 1]]
pnp [[146, 1], [183, 1]]
pnp [[151, 1], [184, 1]]
pnp [[112, 1], [185, 1]]
pnp [[143, 1], [186, 1]]
pnp [[263, 1], [187, 1]]
pnp [[144, 1], [188, 1]]
pnp [[114, 1], [189, 1]]
pnp [[15, 1], [190, 1]]
pnp [[14, 1], [191, 1]]
pnp [[12, 1], [192, 1]]
pnp [[13, 1], [193, 1]]
pnp [[11, 1], [194, 1]]
pnp [[10, 1], [195, 1]]
pnp [[9, 1], [196, 1]]
pnp [[8, 1], [197, 1]]
pnp [[7, 1], [198, 1]]
pnp [[2, 1], [199, 1]]
pnp [[2, 1], [46, 1]]
pnp [[2, 1], [59, 1]]
pnp [[2, 1], [19, 1]]
pnp [[2, 1], [158, 1]]
pnp [[2, 1], [45, 1]]
pnp [[398, 1], [49, 1]]
pnp [[58, 1], [47, 1]]
pnp [[2, 1], [50, 1]]
pnp [[2, 1], [48, 1]]
pnp [[2, 1], [85, 1]]
pnp [[2, 1], [86, 1]]
pnp [[2, 1], [84, 1]]
pnp [[409, 1], [245, 1]]
pnp [[1, 1], [91, 1]]
pnp [[2, 1], [175, 1]]
pnp [[2, 1], [174, 1]]
pnp [[2, 1], [239, 1]]
pnp [[2, 1], [200, 1]]
pnp [[2, 1], [89, 1]]
pnp [[159, 1], [26, 1]]
pnp [[29, 1], [2, 1]]
pnp [[28, 1], [2, 1]]
pnp [[27, 1], [2, 1]]
pnp [[26, 1], [2, 1]]
pnp [[252, 1], [18, 1]]
pnp [[411, 1], [18, 1]]
pnp [[412, 1], [18, 1]]
pnp [[2, 1], [54, 1]]
pnp [[156, 1], [2, 1]]
pnp [[155, 1], [2, 1]]
pnp [[154, 1], [2, 1]]
pnp [[153, 1], [2, 1]]
pnp [[2, 1], [96, 1]]
pnp [[94, 1], [1, 1]]
pnp [[93, 1], [1, 1]]
pnp [[95, 1], [1, 1]]
pnp [[414, 1], [45, 1]]
pnp [[242, 1], [199, 1]]
pnp [[75, 1], [46, 1]]
pnp [[413, 1], [158, 1]]
pnp [[44, 0]]
pnp [[28, 0]]
pnp [[153, 0]]
pnp [[2, 1], [3, 1]]
pnp [[2, 1], [3, 1]]
pnp [[2, 1], [97, 1]]
pnp [[97, 1], [73, 1]]
pnp [[80, 1], [54, 1]]
pnp [[80, 1], [91, 1]]
pnp [[18, 1], [2, 1]]
pnp [[1, 1], [18, 1]]
pnp [[1, 0], [1, 0], [1, 0], [1, 0], [1, 0], [1, 0], [204, 0], [205, 0], [206, 0], [207, 0], [208, 0], [209, 0], [210, 0], [211, 0], [212, 0], [213, 0], [214, 0], [215, 0], [216, 0], [217, 0], [218, 0], [219, 0], [220, 0], [1, 0], [1, 0], [1, 0], [1, 0], [86, 0], [48, 0], [202, 0], [2, 0], [1, 0], [203, 0], [1, 0], [1, 0], [1, 0], [1, 0], [2, 0], [2, 0], [2, 0], [2, 0], [1, 0], [1, 0], [1, 0], [1, 0], [1, 0], [1, 0], [1, 0], [1, 0], [1, 0], [1, 0], [1, 0], [1, 0], [1, 0], [1, 0], [1, 0], [1, 0], [1, 0], [1, 0], [1, 0], [1, 0], [2, 0], [2, 0], [1, 0], [1, 0], [1, 0], [49, 0], [1, 0], [2, 0], [2, 0], [237, 0], [221, 0], [222, 0], [223, 0], [224, 0], [225, 0], [226, 0], [227, 0], [228, 0], [229, 0], [6, 0], [231, 0], [232, 0], [233, 0], [234, 0], [235, 0], [236, 0], [1, 0], [1, 0], [1, 0], [1, 0], [84, 0], [85, 0], [201, 0], [2, 0], [2, 0], [1, 0], [47, 0]]
pnp [[2, 0], [1, 0], [1, 0], [29, 0], [27, 0], [26, 0]]
pnp [[1, 0], [32, 0], [1, 0], [156, 0], [31, 0], [1, 0], [155, 0], [1, 0], [30, 0], [154, 0], [1, 0], [242, 0], [1, 0], [1, 0], [75, 0], [1, 0], [1, 0]]
pnp [[32, 0], [31, 0], [30, 0], [1, 0], [1, 0], [1, 0], [1, 0], [1, 0], [1, 0], [1, 0], [1, 0], [414, 0], [75, 0], [242, 0], [413, 0], [1, 0], [1, 0]]
pnp [[1, 0], [1, 0], [23, 0], [2, 0]]
pnp [[23, 0], [17, 0]]
pnp [[1, 0], [1, 0], [409, 0], [2, 0]]
{
    "0": "",
    "1": "GND",
    "2": "VCC",
    "3": "VRAM",
    "4": "VCC1",
    "5": "VCC3",
    "6": "NUAD18",
    "7": "MA0",
    "8": "MA1",
    "9": "MA2",
    "10": "MA3",
    "11": "MA4",
    "12": "MA6",
    "13": "MA5",
    "14": "MA7",
    "15": "MA8",
    "16": "RAS1",
    "17": "$$$0004",
    "18": "$$$0035",
    "19": "$$$0001",
    "20": "SB$20",
    "21": "SB$21",
    "22": "SB$22",
    "23": "$$$0003",
    "24": "VCC2",
    "25": "$$$0008",
    "26": "$$$0038",
    "27": "$$$0039",
    "28": "$$$0040",
    "29": "$$$0041",
    "30": "B",
    "31": "G",
    "32": "R",
    "33": "SB$33",
    "34": "SB$34",
    "35": "MD54",
    "36": "MD56",
    "37": "MD55",
    "38": "SB$38",
    "39": "MD62",
    "40": "MD63",
    "41": "MD48",
    "42": "$$$0000",
    "43": "SB$43",
    "44": "TWR",
    "45": "EEDI",
    "46": "HSYNC",
    "47": "$$$0029",
    "48": "NUID3",
    "49": "$$$0031",
    "50": "NNMRQ",
    "51": "SB$51",
    "52": "SB$52",
    "53": "SB$53",
    "54": "$$$0033",
    "55": "SB$55",
    "56": "SB$56",
    "57": "SB$57",
    "58": "$$$0030",
    "59": "$$$0002",
    "60": "AD31",
    "61": "AD29",
    "62": "AD28",
    "63": "AD27",
    "64": "AD26",
    "65": "AD25",
    "66": "AD24",
    "67": "AD23",
    "68": "AD22",
    "69": "AD21",
    "70": "AD20",
    "71": "AD19",
    "72": "AD1",
    "73": "AD17",
    "74": "AD0",
    "75": "HS",
    "76": "MD52",
    "77": "MD61",
    "78": "MD60",
    "79": "MD53",
    "80": "INTR",
    "81": "SB$81",
    "82": "CBE0",
    "83": "$$$0006",
    "84": "NUID0",
    "85": "NUID2",
    "86": "NUID1",
    "87": "SB$87",
    "88": "SB$88",
    "89": "DEVSEL",
    "90": "SB$90",
    "91": "$$$0034",
    "92": "MD57",
    "93": "GREEN",
    "94": "BLUE",
    "95": "RED",
    "96": "FLASH",
    "97": "$$$0036",
    "98": "CBE1",
    "99": "CBE2",
    "100": "CBE3",
    "101": "PAR",
    "102": "IDSEL",
    "103": "MD46",
    "104": "MD16",
    "105": "MD44",
    "106": "MD18",
    "107": "MD45",
    "108": "MD20",
    "109": "MD42",
    "110": "MD22",
    "111": "MD47",
    "112": "CAS3",
    "113": "MD23",
    "114": "MA9",
    "115": "MD43",
    "116": "MD21",
    "117": "SB$117",
    "118": "MD19",
    "119": "MD41",
    "120": "MD17",
    "121": "MD15",
    "122": "MD31",
    "123": "MD13",
    "124": "MD29",
    "125": "MD11",
    "126": "MD27",
    "127": "MD9",
    "128": "MD25",
    "129": "MD12",
    "130": "MD24",
    "131": "MD14",
    "132": "MD28",
    "133": "MD10",
    "134": "SB$134",
    "135": "MD8",
    "136": "MD26",
    "137": "MD6",
    "138": "MD7",
    "139": "MD3",
    "140": "MD39",
    "141": "MD37",
    "142": "MD35",
    "143": "CAS2",
    "144": "CAS0",
    "145": "MD33",
    "146": "CAS5",
    "147": "MD36",
    "148": "CAS7",
    "149": "CAS6",
    "150": "MD34",
    "151": "CAS4",
    "152": "SB$152",
    "153": "MONID3",
    "154": "MONID2",
    "155": "MONID1",
    "156": "MONID0",
    "157": "$$$0007",
    "158": "EECS",
    "159": "AD30",
    "160": "AD18",
    "161": "AD16",
    "162": "AD15",
    "163": "AD14",
    "164": "AD13",
    "165": "AD12",
    "166": "AD11",
    "167": "AD10",
    "168": "AD9",
    "169": "AD8",
    "170": "AD7",
    "171": "AD6",
    "172": "AD5",
    "173": "AD4",
    "174": "TRDY",
    "175": "STOP",
    "176": "SB$176",
    "177": "SB$177",
    "178": "$$$0005",
    "179": "$$$0009",
    "180": "$$$0010",
    "181": "$$$0011",
    "182": "$$$0012",
    "183": "$$$0013",
    "184": "$$$0014",
    "185": "$$$0015",
    "186": "$$$0016",
    "187": "$$$0017",
    "188": "$$$0018",
    "189": "$$$0019",
    "190": "$$$0020",
    "191": "$$$0021",
    "192": "$$$0022",
    "193": "$$$0023",
    "194": "$$$0024",
    "195": "$$$0025",
    "196": "$$$0026",
    "197": "$$$0027",
    "198": "$$$0028",
    "199": "VSYNC",
    "200": "IRDY",
    "201": "NUSTART",
    "202": "NUACK",
    "203": "NUNMRQ",
    "204": "NUTM1",
    "205": "NUAD1",
    "206": "NUAD3",
    "207": "NUAD5",
    "208": "NUAD7",
    "209": "NUAD9",
    "210": "NUAD11",
    "211": "NUAD13",
    "212": "NUAD15",
    "213": "NUAD17",
    "214": "NUAD19",
    "215": "NUAD21",
    "216": "NUAD23",
    "217": "NUAD25",
    "218": "NUAD27",
    "219": "NUAD29",
    "220": "NUAD31",
    "221": "NUAD0",
    "222": "NUAD2",
    "223": "NUAD4",
    "224": "NUAD6",
    "225": "NUAD8",
    "226": "NUAD10",
    "227": "NUAD12",
    "228": "NUAD14",
    "229": "NUAD16",
    "230": "SB$230",
    "231": "NUAD20",
    "232": "NUAD22",
    "233": "NUAD24",
    "234": "NUAD26",
    "235": "NUAD28",
    "236": "NUAD30",
    "237": "NUTM0",
    "238": "SB$238",
    "239": "FRAME",
    "240": "SB$240",
    "241": "SB$241",
    "242": "VS",
    "243": "AD3",
    "244": "AD2",
    "245": "CLK",
    "246": "NRESET",
    "247": "MD58",
    "248": "MD59",
    "249": "MD51",
    "250": "MD49",
    "251": "MD50",
    "252": "$$$0044",
    "253": "VCC4",
    "254": "SB$254",
    "255": "SB$255",
    "256": "SB$256",
    "257": "SB$257",
    "258": "SB$258",
    "259": "SB$259",
    "260": "SB$260",
    "261": "SB$261",
    "262": "SB$262",
    "263": "CAS1",
    "264": "WE",
    "265": "SB$265",
    "266": "SB$266",
    "267": "SB$267",
    "268": "SB$268",
    "269": "SB$269",
    "270": "SB$270",
    "271": "SB$271",
    "272": "SB$272",
    "273": "SB$273",
    "274": "SB$274",
    "275": "SB$275",
    "276": "SB$276",
    "277": "SB$277",
    "278": "SB$278",
    "279": "SB$279",
    "280": "SB$280",
    "281": "SB$281",
    "282": "SB$282",
    "283": "SB$283",
    "284": "SB$284",
    "285": "SB$285",
    "286": "SB$286",
    "287": "SB$287",
    "288": "SB$288",
    "289": "SB$289",
    "290": "SB$290",
    "291": "SB$291",
    "292": "SB$292",
    "293": "SB$293",
    "294": "SB$294",
    "295": "SB$295",
    "296": "SB$296",
    "297": "SB$297",
    "298": "MD32",
    "299": "SB$299",
    "300": "SB$300",
    "301": "SB$301",
    "302": "SB$302",
    "303": "SB$303",
    "304": "SB$304",
    "305": "SB$305",
    "306": "MD5",
    "307": "SB$307",
    "308": "MD4",
    "309": "SB$309",
    "310": "SB$310",
    "311": "SB$311",
    "312": "MD2",
    "313": "SB$313",
    "314": "SB$314",
    "315": "SB$315",
    "316": "SB$316",
    "317": "SB$317",
    "318": "SB$318",
    "319": "SB$319",
    "320": "SB$320",
    "321": "SB$321",
    "322": "SB$322",
    "323": "SB$323",
    "324": "SB$324",
    "325": "SB$325",
    "326": "SB$326",
    "327": "SB$327",
    "328": "SB$328",
    "329": "SB$329",
    "330": "SB$330",
    "331": "SB$331",
    "332": "SB$332",
    "333": "SB$333",
    "334": "SB$334",
    "335": "SB$335",
    "336": "SB$336",
    "337": "SB$337",
    "338": "SB$338",
    "339": "SB$339",
    "340": "SB$340",
    "341": "SB$341",
    "342": "SB$342",
    "343": "SB$343",
    "344": "SB$344",
    "345": "SB$345",
    "346": "SB$346",
    "347": "SB$347",
    "348": "SB$348",
    "349": "SB$349",
    "350": "SB$350",
    "351": "SB$351",
    "352": "SB$352",
    "353": "SB$353",
    "354": "SB$354",
    "355": "SB$355",
    "356": "SB$356",
    "357": "SB$357",
    "358": "SB$358",
    "359": "SB$359",
    "360": "SB$360",
    "361": "SB$361",
    "362": "SB$362",
    "363": "SB$363",
    "364": "SB$364",
    "365": "SB$365",
    "366": "SB$366",
    "367": "SB$367",
    "368": "SB$368",
    "369": "SB$369",
    "370": "SB$370",
    "371": "SB$371",
    "372": "SB$372",
    "373": "SB$373",
    "374": "SB$374",
    "375": "SB$375",
    "376": "SB$376",
    "377": "SB$377",
    "378": "SB$378",
    "379": "SB$379",
    "380": "SB$380",
    "381": "SB$381",
    "382": "SB$382",
    "383": "SB$383",
    "384": "SB$384",
    "385": "SB$385",
    "386": "SB$386",
    "387": "SB$387",
    "388": "SB$388",
    "389": "SB$389",
    "390": "SB$390",
    "391": "SB$391",
    "392": "SB$392",
    "393": "MD40",
    "394": "MD0",
    "395": "MD1",
    "396": "MD38",
    "397": "MD30",
    "398": "$$$0032",
    "399": "NCLOCK",
    "400": "ROMOE",
    "401": "ROMD0",
    "402": "ROMD1",
    "403": "ROMD2",
    "404": "ROMD3",
    "405": "ROMD4",
    "406": "ROMD5",
    "407": "ROMD6",
    "408": "ROMD7",
    "409": "$$$0037",
    "410": "ROMCS",
    "411": "$$$0042",
    "412": "$$$0043",
    "413": "DDCC",
    "414": "DDCD",
    "415": "RAS0"
}
